0 info it worked if it ends with ok
1 verbose cli [ '/usr/bin/nodejs', '/usr/bin/npm', 'start' ]
2 info using npm@1.4.21
3 info using node@v0.10.29
4 verbose run-script [ 'prestart', 'start', 'poststart' ]
5 info prestart commento-scraper-webapp@0.0.2
6 info start commento-scraper-webapp@0.0.2
7 verbose unsafe-perm in lifecycle true
8 info commento-scraper-webapp@0.0.2 Failed to exec start script
9 error commento-scraper-webapp@0.0.2 start: `nodejs server.js`
9 error Exit status 8
10 error Failed at the commento-scraper-webapp@0.0.2 start script.
10 error This is most likely a problem with the commento-scraper-webapp package,
10 error not with npm itself.
10 error Tell the author that this fails on your system:
10 error     nodejs server.js
10 error You can get their info via:
10 error     npm owner ls commento-scraper-webapp
10 error There is likely additional logging output above.
11 error System Linux 3.16.0-4-amd64
12 error command "/usr/bin/nodejs" "/usr/bin/npm" "start"
13 error cwd /home/mcb/code/node/scrapper
14 error node -v v0.10.29
15 error npm -v 1.4.21
16 error code ELIFECYCLE
17 verbose exit [ 1, true ]
